<?xml version="1.0" encoding="UTF-8"?>
<robot generator="Robot 7.4.1 (Python 3.14.2 on win32)" generated="2026-03-22T16:24:32.054529" rpa="false" schemaversion="5">
<suite id="s1" name="TC 1 ReadExcel ReturnList" source="C:\Users\admin\PycharmProjects\robotframework\ReadExcel_TC\TC_1_ReadExcel_ReturnList.robot">
<test id="s1-t1" name="Read data from excel and return list" line="11">
<kw name="Get Excel Data In List" owner="ExcelRead_Keywords">
<kw name="Get Excel Data List" owner="utils">
<msg time="2026-03-22T16:24:32.900699" level="INFO">${data} = [{'username': 'admin1', 'password': 'admin12pwd'}]</msg>
<var>${data}</var>
<arg>${file_path}</arg>
<arg>${sheet_name}</arg>
<status status="PASS" start="2026-03-22T16:24:32.881079" elapsed="0.019712"/>
</kw>
<kw name="Log To Console" owner="BuiltIn">
<arg>${data}</arg>
<doc>Logs the given message to the console.</doc>
<status status="PASS" start="2026-03-22T16:24:32.901083" elapsed="0.001615"/>
</kw>
<return>
<value>${data}</value>
<status status="PASS" start="2026-03-22T16:24:32.902964" elapsed="0.000152"/>
</return>
<msg time="2026-03-22T16:24:32.903414" level="INFO">${get_data} = [{'username': 'admin1', 'password': 'admin12pwd'}]</msg>
<var>${get_data}</var>
<arg>${file_path1}</arg>
<arg>${sheet_name1}</arg>
<doc>Reads data from an Excel file and returns it as a list of dictionaries</doc>
<status status="PASS" start="2026-03-22T16:24:32.879543" elapsed="0.023931"/>
</kw>
<kw name="Log To Console" owner="BuiltIn">
<arg>${get_data} this the data</arg>
<doc>Logs the given message to the console.</doc>
<status status="PASS" start="2026-03-22T16:24:32.903836" elapsed="0.000600"/>
</kw>
<kw name="Log To Console" owner="BuiltIn">
<arg>${get_data[0]['username']} this user name</arg>
<doc>Logs the given message to the console.</doc>
<status status="PASS" start="2026-03-22T16:24:32.904717" elapsed="0.000973"/>
</kw>
<kw name="Log To Console" owner="BuiltIn">
<arg>${get_data[0]['password']} this user name</arg>
<doc>Logs the given message to the console.</doc>
<status status="PASS" start="2026-03-22T16:24:32.908444" elapsed="0.000997"/>
</kw>
<status status="PASS" start="2026-03-22T16:24:32.877901" elapsed="0.031864"/>
</test>
<status status="PASS" start="2026-03-22T16:24:32.058382" elapsed="0.852313"/>
</suite>
<statistics>
<total>
<stat pass="1" fail="0" skip="0">All Tests</stat>
</total>
<tag>
</tag>
<suite>
<stat name="TC 1 ReadExcel ReturnList" id="s1" pass="1" fail="0" skip="0">TC 1 ReadExcel ReturnList</stat>
</suite>
</statistics>
<errors>
</errors>
</robot>
