<?xml version="1.0" encoding="UTF-8"?>
<robot generator="Robot 7.4.1 (Python 3.14.2 on win32)" generated="2026-05-12T21:41:30.409163" rpa="false" schemaversion="5">
<suite id="s1" name="TC34 Verify Expected Value with 2 conditions" source="C:\Users\admin\PycharmProjects\robotframework\TestCases\TC34_Verify_Expected_Value_with_2_conditions.robot">
<test id="s1-t1" name="VERIFY_EXPECTED_VALUE_WITH_2_CONDITIONS" line="10">
<kw name="Open Browser" owner="SeleniumLibrary">
<msg time="2026-05-12T21:41:31.144467" level="INFO">Opening browser 'chrome' to base url 'https://demo.guru99.com/test/newtours/'.</msg>
<arg>https://demo.guru99.com/test/newtours/</arg>
<arg>chrome</arg>
<doc>Opens a new browser instance to the optional ``url``.</doc>
<status status="PASS" start="2026-05-12T21:41:31.143343" elapsed="11.286223"/>
</kw>
<kw name="Maximize Browser Window" owner="SeleniumLibrary">
<doc>Maximizes current browser window.</doc>
<status status="PASS" start="2026-05-12T21:41:42.433432" elapsed="0.224925"/>
</kw>
<kw name="click_register_Link" owner="RegisterPageKeyWords">
<kw name="Click Link" owner="SeleniumLibrary">
<msg time="2026-05-12T21:41:42.668788" level="INFO">Clicking link 'link:REGISTER'.</msg>
<arg>${register_link}</arg>
<doc>Clicks a link identified by ``locator``.</doc>
<status status="PASS" start="2026-05-12T21:41:42.667623" elapsed="1.319497"/>
</kw>
<status status="PASS" start="2026-05-12T21:41:42.666438" elapsed="1.320976"/>
</kw>
<kw name="Sleep" owner="BuiltIn">
<msg time="2026-05-12T21:41:49.021437" level="INFO">Slept 5 seconds.</msg>
<arg>5s</arg>
<doc>Pauses the test executed for the given time.</doc>
<status status="PASS" start="2026-05-12T21:41:43.988024" elapsed="5.033676"/>
</kw>
<kw name="Get Text" owner="SeleniumLibrary">
<msg time="2026-05-12T21:41:49.082746" level="INFO">${get_Text} = REGISTER</msg>
<var>${get_Text}</var>
<arg>${register_link}</arg>
<doc>Returns the text value of the element identified by ``locator``.</doc>
<status status="PASS" start="2026-05-12T21:41:49.022417" elapsed="0.060413"/>
</kw>
<kw name="Log To Console" owner="BuiltIn">
<arg>${get_Text}</arg>
<doc>Logs the given message to the console.</doc>
<status status="PASS" start="2026-05-12T21:41:49.083298" elapsed="0.000647"/>
</kw>
<kw name="Run Keyword And Return Status" owner="BuiltIn">
<kw name="Should Contain" owner="BuiltIn">
<arg>${get_Text}</arg>
<arg>REGISTER</arg>
<doc>Fails if ``container`` does not contain ``item`` one or more times.</doc>
<status status="PASS" start="2026-05-12T21:41:49.084916" elapsed="0.000673"/>
</kw>
<msg time="2026-05-12T21:41:49.085786" level="INFO">${is_Text1} = True</msg>
<var>${is_Text1}</var>
<arg>Should Contain</arg>
<arg>${get_Text}</arg>
<arg>REGISTER</arg>
<doc>Runs the specified keyword and returns the status as a Boolean value.</doc>
<status status="PASS" start="2026-05-12T21:41:49.084288" elapsed="0.001550"/>
</kw>
<kw name="Run Keyword And Return Status" owner="BuiltIn">
<kw name="Should Contain" owner="BuiltIn">
<msg time="2026-05-12T21:41:49.087212" level="FAIL">'REGISTER' does not contain 'lastName'</msg>
<arg>${get_Text}</arg>
<arg>lastName</arg>
<doc>Fails if ``container`` does not contain ``item`` one or more times.</doc>
<status status="FAIL" start="2026-05-12T21:41:49.086665" elapsed="0.000787">'REGISTER' does not contain 'lastName'</status>
</kw>
<msg time="2026-05-12T21:41:49.087646" level="INFO">${is_Text2} = False</msg>
<var>${is_Text2}</var>
<arg>Should Contain</arg>
<arg>${get_Text}</arg>
<arg>lastName</arg>
<doc>Runs the specified keyword and returns the status as a Boolean value.</doc>
<status status="PASS" start="2026-05-12T21:41:49.086190" elapsed="0.001504"/>
</kw>
<kw name="Should Be True" owner="BuiltIn">
<arg>${is_Text1} or ${is_Text2}</arg>
<arg>msg=URL '${get_Text}' did not contain 'firstName' or 'lastName'</arg>
<doc>Fails if the given condition is not true.</doc>
<status status="PASS" start="2026-05-12T21:41:49.087986" elapsed="0.000704"/>
</kw>
<status status="PASS" start="2026-05-12T21:41:31.141307" elapsed="17.947861"/>
</test>
<status status="PASS" start="2026-05-12T21:41:30.420059" elapsed="18.670066"/>
</suite>
<statistics>
<total>
<stat pass="1" fail="0" skip="0">All Tests</stat>
</total>
<tag>
</tag>
<suite>
<stat name="TC34 Verify Expected Value with 2 conditions" id="s1" pass="1" fail="0" skip="0">TC34 Verify Expected Value with 2 conditions</stat>
</suite>
</statistics>
<errors>
<msg time="2026-05-12T21:41:31.138820" level="ERROR">Error in file 'C:\Users\admin\PycharmProjects\robotframework\Keywords\Constants.robot' on line 3: Library 'Collections' expected 0 arguments, got 1.</msg>
</errors>
</robot>
