<?xml version="1.0" encoding="UTF-8"?>
<robot generator="Robot 7.4.1 (Python 3.14.2 on win32)" generated="2026-03-08T16:15:21.407482" rpa="false" schemaversion="5">
<suite id="s1" name="Suites">
<suite id="s1-s1" name="TC27 POM Registration1" source="C:\Users\admin\PycharmProjects\robotframework\TestCases1\TC27_POM_Registration1.robot">
<test id="s1-s1-t1" name="Registraton_Page_Test" line="17">
<kw name="Open_My_Browser" owner="LoginKeyWords">
<kw name="Open Browser" owner="SeleniumLibrary">
<msg time="2026-03-08T16:15:22.162174" level="INFO">Opening browser 'chrome' to base url 'https://demo.guru99.com/test/newtours/'.</msg>
<arg>${SiteUrl}</arg>
<arg>${Browser}</arg>
<doc>Opens a new browser instance to the optional ``url``.</doc>
<status status="PASS" start="2026-03-08T16:15:22.161575" elapsed="14.271451"/>
</kw>
<kw name="Maximize Browser Window" owner="SeleniumLibrary">
<doc>Maximizes current browser window.</doc>
<status status="PASS" start="2026-03-08T16:15:36.433492" elapsed="0.410978"/>
</kw>
<arg>${SiteUrl}</arg>
<arg>${Browser}</arg>
<status status="PASS" start="2026-03-08T16:15:22.159936" elapsed="14.684769"/>
</kw>
<kw name="click_register_Link" owner="RegisterPageKeyWords">
<kw name="Click Link" owner="SeleniumLibrary">
<msg time="2026-03-08T16:15:36.846190" level="INFO">Clicking link 'link:REGISTER'.</msg>
<arg>${register_link}</arg>
<doc>Clicks a link identified by ``locator``.</doc>
<status status="PASS" start="2026-03-08T16:15:36.845552" elapsed="6.639820"/>
</kw>
<status status="PASS" start="2026-03-08T16:15:36.845052" elapsed="6.640599"/>
</kw>
<kw name="Enter_FirstName" owner="RegisterPageKeyWords">
<kw name="Input Text" owner="SeleniumLibrary">
<msg time="2026-03-08T16:15:43.487208" level="INFO">Typing text 'kkjjhhgg' into text field 'name:firstName'.</msg>
<arg>${txt_firstname}</arg>
<arg>${FirstName}</arg>
<doc>Types the given ``text`` into the text field identified by ``locator``.</doc>
<status status="PASS" start="2026-03-08T16:15:43.486677" elapsed="0.672508"/>
</kw>
<arg>${Fname}</arg>
<status status="PASS" start="2026-03-08T16:15:43.486059" elapsed="0.673651"/>
</kw>
<kw name="Enter_LastName" owner="RegisterPageKeyWords">
<kw name="Input Text" owner="SeleniumLibrary">
<msg time="2026-03-08T16:15:44.160997" level="INFO">Typing text 'Rai' into text field 'name:lastName'.</msg>
<arg>${txt_lastname}</arg>
<arg>${LastName}</arg>
<doc>Types the given ``text`` into the text field identified by ``locator``.</doc>
<status status="PASS" start="2026-03-08T16:15:44.160529" elapsed="0.163151"/>
</kw>
<arg>${Lname}</arg>
<status status="PASS" start="2026-03-08T16:15:44.160022" elapsed="0.163879"/>
</kw>
<kw name="Enter_phone" owner="RegisterPageKeyWords">
<kw name="Input Text" owner="SeleniumLibrary">
<msg time="2026-03-08T16:15:44.325193" level="INFO">Typing text '0002220000' into text field 'name:phone'.</msg>
<arg>${txt_phone}</arg>
<arg>${phone}</arg>
<doc>Types the given ``text`` into the text field identified by ``locator``.</doc>
<status status="PASS" start="2026-03-08T16:15:44.324788" elapsed="0.954297"/>
</kw>
<arg>0002220000</arg>
<status status="PASS" start="2026-03-08T16:15:44.324283" elapsed="0.955027"/>
</kw>
<kw name="Enter_Email" owner="RegisterPageKeyWords">
<kw name="Input Text" owner="SeleniumLibrary">
<msg time="2026-03-08T16:15:45.280553" level="INFO">Typing text 'abcs@hhh.com' into text field 'xpath://input[@id='userName']'.</msg>
<arg>${txt_email}</arg>
<arg>${Email}</arg>
<doc>Types the given ``text`` into the text field identified by ``locator``.</doc>
<status status="PASS" start="2026-03-08T16:15:45.280136" elapsed="0.196644"/>
</kw>
<arg>${email}</arg>
<status status="PASS" start="2026-03-08T16:15:45.279601" elapsed="0.197396"/>
</kw>
<kw name="Enter_Address" owner="RegisterPageKeyWords">
<kw name="Input Text" owner="SeleniumLibrary">
<msg time="2026-03-08T16:15:45.478372" level="INFO">Typing text '30Tower street' into text field 'name:address1'.</msg>
<arg>${txt_address}</arg>
<arg>${address}</arg>
<doc>Types the given ``text`` into the text field identified by ``locator``.</doc>
<status status="PASS" start="2026-03-08T16:15:45.477886" elapsed="0.450162"/>
</kw>
<arg>30Tower street</arg>
<status status="PASS" start="2026-03-08T16:15:45.477350" elapsed="0.450921"/>
</kw>
<kw name="Input Text" owner="SeleniumLibrary">
<msg time="2026-03-08T16:15:45.929156" level="INFO">Typing text 'Mumbai' into text field 'name:city'.</msg>
<arg>${txt_city}</arg>
<arg>Mumbai</arg>
<doc>Types the given ``text`` into the text field identified by ``locator``.</doc>
<status status="PASS" start="2026-03-08T16:15:45.928696" elapsed="3.415569"/>
</kw>
<kw name="Input Text" owner="SeleniumLibrary">
<msg time="2026-03-08T16:15:49.344971" level="INFO">Typing text 'Maharahstra' into text field 'name:state'.</msg>
<arg>${txt_state}</arg>
<arg>Maharahstra</arg>
<doc>Types the given ``text`` into the text field identified by ``locator``.</doc>
<status status="PASS" start="2026-03-08T16:15:49.344600" elapsed="0.166808"/>
</kw>
<kw name="Enter_postalCode" owner="RegisterPageKeyWords">
<kw name="Input Text" owner="SeleniumLibrary">
<msg time="2026-03-08T16:15:49.512802" level="INFO">Typing text '410210' into text field 'name:postalCode'.</msg>
<arg>${txt_postalcode}</arg>
<arg>${postalcode}</arg>
<doc>Types the given ``text`` into the text field identified by ``locator``.</doc>
<status status="PASS" start="2026-03-08T16:15:49.512426" elapsed="0.331833"/>
</kw>
<arg>410210</arg>
<status status="PASS" start="2026-03-08T16:15:49.511899" elapsed="0.332541"/>
</kw>
<kw name="Select_country_from_dropdown" owner="RegisterPageKeyWords">
<kw name="Select From List By Label" owner="SeleniumLibrary">
<msg time="2026-03-08T16:15:49.845785" level="INFO">Selecting options from selection list 'name:country' by label INDIA.</msg>
<arg>${dropdown_country}</arg>
<arg>${Country}</arg>
<doc>Selects options from selection list ``locator`` by ``labels``.</doc>
<status status="PASS" start="2026-03-08T16:15:49.845287" elapsed="0.524986"/>
</kw>
<arg>INDIA</arg>
<status status="PASS" start="2026-03-08T16:15:49.844794" elapsed="0.525662"/>
</kw>
<kw name="Enter_User_Name_Input" owner="RegisterPageKeyWords">
<kw name="Input Text" owner="SeleniumLibrary">
<msg time="2026-03-08T16:15:50.371562" level="INFO">Typing text 'admin' into text field 'xpath://input[@id='email']'.</msg>
<arg>${txt_username_input}</arg>
<arg>${UserName}</arg>
<doc>Types the given ``text`` into the text field identified by ``locator``.</doc>
<status status="PASS" start="2026-03-08T16:15:50.371215" elapsed="0.770505"/>
</kw>
<arg>${user_input}</arg>
<status status="PASS" start="2026-03-08T16:15:50.370736" elapsed="0.771216"/>
</kw>
<kw name="ENTER_password_Input" owner="RegisterPageKeyWords">
<kw name="Input Text" owner="SeleniumLibrary">
<msg time="2026-03-08T16:15:51.143216" level="INFO">Typing text 'admin' into text field 'xpath://input[@name='password']'.</msg>
<arg>${txt_password_input}</arg>
<arg>${Password}</arg>
<doc>Types the given ``text`` into the text field identified by ``locator``.</doc>
<status status="PASS" start="2026-03-08T16:15:51.142845" elapsed="1.929753"/>
</kw>
<arg>${Password_Input}</arg>
<status status="PASS" start="2026-03-08T16:15:51.142241" elapsed="1.930728"/>
</kw>
<kw name="ENTER_Confirm_password" owner="RegisterPageKeyWords">
<kw name="Input Text" owner="SeleniumLibrary">
<msg time="2026-03-08T16:15:53.074348" level="INFO">Typing text 'admin' into text field 'xpath://input[@name='confirmPassword']'.</msg>
<arg>${txt_Confirm_password}</arg>
<arg>${ConfirmPassword}</arg>
<doc>Types the given ``text`` into the text field identified by ``locator``.</doc>
<status status="PASS" start="2026-03-08T16:15:53.073942" elapsed="0.212194"/>
</kw>
<arg>${Password_Input}</arg>
<status status="PASS" start="2026-03-08T16:15:53.073348" elapsed="0.212987"/>
</kw>
<kw name="Sleep" owner="BuiltIn">
<msg time="2026-03-08T16:16:03.288126" level="INFO">Slept 10 seconds.</msg>
<arg>10</arg>
<doc>Pauses the test executed for the given time.</doc>
<status status="PASS" start="2026-03-08T16:15:53.286596" elapsed="10.001833"/>
</kw>
<kw name="Click_Submit_Button" owner="RegisterPageKeyWords">
<kw name="Click Button" owner="SeleniumLibrary">
<msg time="2026-03-08T16:16:03.289963" level="INFO">Clicking button 'xpath://input[@name='submit']'.</msg>
<arg>${button_submit}</arg>
<doc>Clicks the button identified by ``locator``.</doc>
<status status="PASS" start="2026-03-08T16:16:03.289588" elapsed="2.363234"/>
</kw>
<status status="PASS" start="2026-03-08T16:16:03.289047" elapsed="2.363960"/>
</kw>
<kw name="Sleep" owner="BuiltIn">
<msg time="2026-03-08T16:16:08.655007" level="INFO">Slept 3 seconds.</msg>
<arg>3</arg>
<doc>Pauses the test executed for the given time.</doc>
<status status="PASS" start="2026-03-08T16:16:05.653685" elapsed="3.001526"/>
</kw>
<kw name="Verify_Register_successfull" owner="RegisterPageKeyWords">
<kw name="Title Should Be" owner="SeleniumLibrary">
<msg time="2026-03-08T16:16:08.702744" level="INFO">Page title is 'Register: Mercury Tours'.</msg>
<arg>Register: Mercury Tours</arg>
<doc>Verifies that the current page title equals ``title``.</doc>
<status status="PASS" start="2026-03-08T16:16:08.655997" elapsed="0.046892"/>
</kw>
<status status="PASS" start="2026-03-08T16:16:08.655571" elapsed="0.047467"/>
</kw>
<kw name="Sleep" owner="BuiltIn">
<msg time="2026-03-08T16:16:18.704177" level="INFO">Slept 10 seconds.</msg>
<arg>10</arg>
<doc>Pauses the test executed for the given time.</doc>
<status status="PASS" start="2026-03-08T16:16:08.703233" elapsed="10.001209"/>
</kw>
<kw name="Close_My_Browser" owner="LoginKeyWords">
<kw name="Close All Browsers" owner="SeleniumLibrary">
<doc>Closes all open browsers and resets the browser cache.</doc>
<status status="PASS" start="2026-03-08T16:16:18.705627" elapsed="2.537264"/>
</kw>
<status status="PASS" start="2026-03-08T16:16:18.704949" elapsed="2.538215"/>
</kw>
<status status="PASS" start="2026-03-08T16:15:22.158913" elapsed="59.084829"/>
</test>
<status status="PASS" start="2026-03-08T16:15:21.533435" elapsed="59.712872"/>
</suite>
<status status="PASS" start="2026-03-08T16:15:21.421538" elapsed="59.827199"/>
</suite>
<statistics>
<total>
<stat pass="1" fail="0" skip="0">All Tests</stat>
</total>
<tag>
</tag>
<suite>
<stat name="Suites" id="s1" pass="1" fail="0" skip="0">Suites</stat>
<stat name="TC27 POM Registration1" id="s1-s1" pass="1" fail="0" skip="0">Suites.TC27 POM Registration1</stat>
</suite>
</statistics>
<errors>
</errors>
</robot>
