<?xml version="1.0" encoding="UTF-8"?>
<robot generator="Robot 7.4.1 (Python 3.14.2 on win32)" generated="2026-03-08T16:15:21.530268" rpa="false" schemaversion="5">
<suite id="s1" name="Suites">
<suite id="s1-s1" name="TC1 inputbox1" source="C:\Users\admin\PycharmProjects\robotframework\TestCases1\TC1_inputbox1.robot">
<test id="s1-s1-t1" name="Login_InputBox" line="11">
<kw name="OpenBrowser1">
<kw name="Open Browser" owner="SeleniumLibrary">
<msg time="2026-03-08T16:15:22.242511" level="INFO">Opening browser 'edge' to base url 'https://www.saucedemo.com/'.</msg>
<arg>${url}</arg>
<arg>${browser}</arg>
<doc>Opens a new browser instance to the optional ``url``.</doc>
<status status="PASS" start="2026-03-08T16:15:22.242046" elapsed="33.218837"/>
</kw>
<kw name="Maximize Browser Window" owner="SeleniumLibrary">
<doc>Maximizes current browser window.</doc>
<status status="PASS" start="2026-03-08T16:15:55.461339" elapsed="0.214292"/>
</kw>
<status status="PASS" start="2026-03-08T16:15:22.240758" elapsed="33.435096"/>
</kw>
<kw name="Title Should Be" owner="SeleniumLibrary">
<msg time="2026-03-08T16:15:55.843437" level="INFO">Page title is 'Swag Labs'.</msg>
<arg>Swag Labs</arg>
<doc>Verifies that the current page title equals ``title``.</doc>
<status status="PASS" start="2026-03-08T16:15:55.676160" elapsed="0.167581"/>
</kw>
<kw name="Sleep" owner="BuiltIn">
<msg time="2026-03-08T16:15:56.845661" level="INFO">Slept 1 second.</msg>
<arg>1</arg>
<doc>Pauses the test executed for the given time.</doc>
<status status="PASS" start="2026-03-08T16:15:55.843992" elapsed="1.001957"/>
</kw>
<kw name="Input Text" owner="SeleniumLibrary">
<msg time="2026-03-08T16:15:56.847074" level="INFO">Typing text 'standard_user' into text field 'xpath://input[@id='user-name']'.</msg>
<arg>${Login_Input_Box}</arg>
<arg>standard_user</arg>
<doc>Types the given ``text`` into the text field identified by ``locator``.</doc>
<status status="PASS" start="2026-03-08T16:15:56.846312" elapsed="0.708702"/>
</kw>
<kw name="Input Text" owner="SeleniumLibrary">
<msg time="2026-03-08T16:15:57.555648" level="INFO">Typing text 'secret_sauce' into text field 'id:password'.</msg>
<arg>${Passwod_Input_Box}</arg>
<arg>secret_sauce</arg>
<doc>Types the given ``text`` into the text field identified by ``locator``.</doc>
<status status="PASS" start="2026-03-08T16:15:57.555289" elapsed="0.257135"/>
</kw>
<kw name="Sleep" owner="BuiltIn">
<msg time="2026-03-08T16:16:00.813516" level="INFO">Slept 3 seconds.</msg>
<arg>3</arg>
<doc>Pauses the test executed for the given time.</doc>
<status status="PASS" start="2026-03-08T16:15:57.812756" elapsed="3.000956"/>
</kw>
<kw name="Clear Element Text" owner="SeleniumLibrary">
<arg>${Login_Input_Box}</arg>
<doc>Clears the value of the text-input-element identified by ``locator``.</doc>
<status status="PASS" start="2026-03-08T16:16:00.813974" elapsed="0.060025"/>
</kw>
<kw name="Sleep" owner="BuiltIn">
<msg time="2026-03-08T16:16:03.876484" level="INFO">Slept 3 seconds.</msg>
<arg>3</arg>
<doc>Pauses the test executed for the given time.</doc>
<status status="PASS" start="2026-03-08T16:16:00.875503" elapsed="3.001170"/>
</kw>
<kw name="Input Text" owner="SeleniumLibrary">
<msg time="2026-03-08T16:16:03.877309" level="INFO">Typing text 'standard_user' into text field 'xpath://input[@id='user-name']'.</msg>
<arg>${Login_Input_Box}</arg>
<arg>standard_user</arg>
<doc>Types the given ``text`` into the text field identified by ``locator``.</doc>
<status status="PASS" start="2026-03-08T16:16:03.876935" elapsed="0.215896"/>
</kw>
<kw name="Click Button" owner="SeleniumLibrary">
<msg time="2026-03-08T16:16:04.093540" level="INFO">Clicking button 'xpath://input[@id='login-button']'.</msg>
<arg>xpath://input[@id='login-button']</arg>
<doc>Clicks the button identified by ``locator``.</doc>
<status status="PASS" start="2026-03-08T16:16:04.093160" elapsed="0.403009"/>
</kw>
<kw name="Sleep" owner="BuiltIn">
<msg time="2026-03-08T16:16:07.497442" level="INFO">Slept 3 seconds.</msg>
<arg>3</arg>
<doc>Pauses the test executed for the given time.</doc>
<status status="PASS" start="2026-03-08T16:16:04.496464" elapsed="3.001324"/>
</kw>
<kw name="Close Browser" owner="SeleniumLibrary">
<doc>Closes the current browser.</doc>
<status status="PASS" start="2026-03-08T16:16:07.498259" elapsed="2.481970"/>
</kw>
<status status="PASS" start="2026-03-08T16:15:22.239702" elapsed="47.741014"/>
</test>
<status status="PASS" start="2026-03-08T16:15:21.646805" elapsed="48.335129"/>
</suite>
<status status="PASS" start="2026-03-08T16:15:21.553217" elapsed="48.430331"/>
</suite>
<statistics>
<total>
<stat pass="1" fail="0" skip="0">All Tests</stat>
</total>
<tag>
</tag>
<suite>
<stat name="Suites" id="s1" pass="1" fail="0" skip="0">Suites</stat>
<stat name="TC1 inputbox1" id="s1-s1" pass="1" fail="0" skip="0">Suites.TC1 inputbox1</stat>
</suite>
</statistics>
<errors>
</errors>
</robot>
