<?xml version="1.0" encoding="UTF-8"?>
<robot generator="Robot 7.4.1 (Python 3.14.2 on win32)" generated="2026-03-11T15:00:51.752206" rpa="false" schemaversion="5">
<suite id="s1" name="Suites">
<suite id="s1-s1" name="TC26 POM LoginMercury1" source="C:\Users\admin\PycharmProjects\robotframework\TestCases1\TC26_POM_LoginMercury1.robot">
<test id="s1-s1-t1" name="Login_Test" line="12">
<kw name="Open_My_Browser" owner="LoginKeyWords">
<kw name="Open Browser" owner="SeleniumLibrary">
<msg time="2026-03-11T15:00:53.034290" level="INFO">Opening browser 'headlesschrome' to base url 'https://demo.guru99.com/test/newtours/'.</msg>
<arg>${SiteUrl}</arg>
<arg>${Browser}</arg>
<doc>Opens a new browser instance to the optional ``url``.</doc>
<status status="PASS" start="2026-03-11T15:00:53.033774" elapsed="15.330395"/>
</kw>
<kw name="Maximize Browser Window" owner="SeleniumLibrary">
<doc>Maximizes current browser window.</doc>
<status status="PASS" start="2026-03-11T15:01:08.364675" elapsed="0.622416"/>
</kw>
<arg>${SiteUrl}</arg>
<arg>${Browser}</arg>
<status status="PASS" start="2026-03-11T15:00:53.032104" elapsed="15.955260"/>
</kw>
<kw name="Enter_User_Name" owner="LoginKeyWords">
<kw name="Input Text" owner="SeleniumLibrary">
<msg time="2026-03-11T15:01:08.989500" level="INFO">Typing text 'admin' into text field 'name:userName'.</msg>
<arg>${txt_LoginUserName}</arg>
<arg>${UserName}</arg>
<doc>Types the given ``text`` into the text field identified by ``locator``.</doc>
<status status="PASS" start="2026-03-11T15:01:08.988370" elapsed="2.532783"/>
</kw>
<arg>${user}</arg>
<status status="PASS" start="2026-03-11T15:01:08.987778" elapsed="2.533574"/>
</kw>
<kw name="Enter_Password" owner="LoginKeyWords">
<kw name="Input Text" owner="SeleniumLibrary">
<msg time="2026-03-11T15:01:11.522446" level="INFO">Typing text 'admin' into text field 'name:password'.</msg>
<arg>${txt_LoginPassword}</arg>
<arg>${Password}</arg>
<doc>Types the given ``text`` into the text field identified by ``locator``.</doc>
<status status="PASS" start="2026-03-11T15:01:11.522107" elapsed="0.574551"/>
</kw>
<arg>${Password}</arg>
<status status="PASS" start="2026-03-11T15:01:11.521630" elapsed="0.575271"/>
</kw>
<kw name="Click_SignIn_Button" owner="LoginKeyWords">
<kw name="Click Button" owner="SeleniumLibrary">
<msg time="2026-03-11T15:01:12.098145" level="INFO">Clicking button 'xpath://input[@name='submit']'.</msg>
<arg>${btn_signIn}</arg>
<doc>Clicks the button identified by ``locator``.</doc>
<status status="PASS" start="2026-03-11T15:01:12.097766" elapsed="1.967454"/>
</kw>
<status status="PASS" start="2026-03-11T15:01:12.097254" elapsed="1.968176"/>
</kw>
<kw name="Sleep" owner="BuiltIn">
<msg time="2026-03-11T15:01:17.066951" level="INFO">Slept 3 seconds.</msg>
<arg>3</arg>
<doc>Pauses the test executed for the given time.</doc>
<status status="PASS" start="2026-03-11T15:01:14.065669" elapsed="3.001540"/>
</kw>
<kw name="Verify_Successfull_Login" owner="LoginKeyWords">
<kw name="Element Text Should Be" owner="SeleniumLibrary">
<msg time="2026-03-11T15:01:17.069238" level="INFO">Verifying element 'xpath://b[normalize-space()='Thank you for Loggin.']' contains exact text 'Thank you for Loggin.'.</msg>
<arg>${txt_logintext}</arg>
<arg>Thank you for Loggin.</arg>
<doc>Verifies that element ``locator`` contains exact the text ``expected``.</doc>
<status status="PASS" start="2026-03-11T15:01:17.068605" elapsed="0.243932"/>
</kw>
<status status="PASS" start="2026-03-11T15:01:17.067786" elapsed="0.244937"/>
</kw>
<kw name="Close_My_Browser" owner="LoginKeyWords">
<kw name="Close All Browsers" owner="SeleniumLibrary">
<doc>Closes all open browsers and resets the browser cache.</doc>
<status status="PASS" start="2026-03-11T15:01:17.313454" elapsed="2.510993"/>
</kw>
<status status="PASS" start="2026-03-11T15:01:17.312996" elapsed="2.511756"/>
</kw>
<status status="PASS" start="2026-03-11T15:00:53.031065" elapsed="26.794088"/>
</test>
<status status="PASS" start="2026-03-11T15:00:51.847173" elapsed="27.979211"/>
</suite>
<status status="PASS" start="2026-03-11T15:00:51.756240" elapsed="28.071821"/>
</suite>
<statistics>
<total>
<stat pass="1" fail="0" skip="0">All Tests</stat>
</total>
<tag>
</tag>
<suite>
<stat name="Suites" id="s1" pass="1" fail="0" skip="0">Suites</stat>
<stat name="TC26 POM LoginMercury1" id="s1-s1" pass="1" fail="0" skip="0">Suites.TC26 POM LoginMercury1</stat>
</suite>
</statistics>
<errors>
</errors>
</robot>
